<?xml version="1.0" encoding="UTF-8"?>
<coverage generated="1780345506471" clover="3.2.0">
  <project timestamp="1780345506471" name="All files">
    <metrics statements="98" coveredstatements="30" conditionals="40" coveredconditionals="24" methods="19" coveredmethods="4" elements="157" coveredelements="58" complexity="0" loc="98" ncloc="98" packages="1" files="3" classes="3"/>
    <file name="CardDetector.js" path="D:\Users\Redmi\Desktop\Credit-Card-Validator\src\js\CardDetector.js">
      <metrics statements="13" coveredstatements="13" conditionals="12" coveredconditionals="12" methods="2" coveredmethods="2"/>
      <line num="3" count="1" type="stmt"/>
      <line num="13" count="11" type="cond" truecount="4" falsecount="0"/>
      <line num="14" count="9" type="stmt"/>
      <line num="16" count="9" type="stmt"/>
      <line num="17" count="29" type="cond" truecount="2" falsecount="0"/>
      <line num="18" count="8" type="stmt"/>
      <line num="21" count="1" type="stmt"/>
      <line num="25" count="10" type="cond" truecount="2" falsecount="0"/>
      <line num="28" count="8" type="stmt"/>
      <line num="29" count="8" type="cond" truecount="2" falsecount="0"/>
      <line num="32" count="7" type="cond" truecount="2" falsecount="0"/>
      <line num="33" count="6" type="stmt"/>
      <line num="36" count="1" type="stmt"/>
    </file>
    <file name="CardValidator.js" path="D:\Users\Redmi\Desktop\Credit-Card-Validator\src\js\CardValidator.js">
      <metrics statements="17" coveredstatements="17" conditionals="12" coveredconditionals="12" methods="2" coveredmethods="2"/>
      <line num="3" count="8" type="stmt"/>
      <line num="5" count="8" type="cond" truecount="2" falsecount="0"/>
      <line num="7" count="7" type="stmt"/>
      <line num="8" count="7" type="stmt"/>
      <line num="10" count="7" type="stmt"/>
      <line num="11" count="112" type="stmt"/>
      <line num="13" count="112" type="cond" truecount="2" falsecount="0"/>
      <line num="14" count="56" type="stmt"/>
      <line num="15" count="56" type="cond" truecount="2" falsecount="0"/>
      <line num="16" count="16" type="stmt"/>
      <line num="20" count="112" type="stmt"/>
      <line num="21" count="112" type="stmt"/>
      <line num="24" count="7" type="stmt"/>
      <line num="28" count="5" type="stmt"/>
      <line num="29" count="5" type="cond" truecount="2" falsecount="0"/>
      <line num="30" count="4" type="cond" truecount="4" falsecount="0"/>
      <line num="32" count="2" type="stmt"/>
    </file>
    <file name="UI.js" path="D:\Users\Redmi\Desktop\Credit-Card-Validator\src\js\UI.js">
      <metrics statements="68" coveredstatements="0" conditionals="16" coveredconditionals="0" methods="15" coveredmethods="0"/>
      <line num="4" count="0" type="stmt"/>
      <line num="5" count="0" type="stmt"/>
      <line num="6" count="0" type="stmt"/>
      <line num="7" count="0" type="stmt"/>
      <line num="8" count="0" type="stmt"/>
      <line num="12" count="0" type="stmt"/>
      <line num="13" count="0" type="stmt"/>
      <line num="14" count="0" type="stmt"/>
      <line num="16" count="0" type="stmt"/>
      <line num="17" count="0" type="stmt"/>
      <line num="21" count="0" type="stmt"/>
      <line num="23" count="0" type="stmt"/>
      <line num="24" count="0" type="stmt"/>
      <line num="25" count="0" type="cond" truecount="0" falsecount="2"/>
      <line num="27" count="0" type="stmt"/>
      <line num="30" count="0" type="stmt"/>
      <line num="31" count="0" type="stmt"/>
      <line num="32" count="0" type="stmt"/>
      <line num="33" count="0" type="stmt"/>
      <line num="34" count="0" type="stmt"/>
      <line num="35" count="0" type="stmt"/>
      <line num="38" count="0" type="stmt"/>
      <line num="39" count="0" type="stmt"/>
      <line num="42" count="0" type="stmt"/>
      <line num="43" count="0" type="stmt"/>
      <line num="44" count="0" type="stmt"/>
      <line num="45" count="0" type="stmt"/>
      <line num="46" count="0" type="stmt"/>
      <line num="47" count="0" type="stmt"/>
      <line num="48" count="0" type="stmt"/>
      <line num="51" count="0" type="stmt"/>
      <line num="57" count="0" type="stmt"/>
      <line num="58" count="0" type="stmt"/>
      <line num="61" count="0" type="stmt"/>
      <line num="62" count="0" type="stmt"/>
      <line num="65" count="0" type="stmt"/>
      <line num="66" count="0" type="cond" truecount="0" falsecount="2"/>
      <line num="67" count="0" type="stmt"/>
      <line num="73" count="0" type="stmt"/>
      <line num="74" count="0" type="stmt"/>
      <line num="76" count="0" type="stmt"/>
      <line num="77" count="0" type="stmt"/>
      <line num="78" count="0" type="stmt"/>
      <line num="79" count="0" type="stmt"/>
      <line num="80" count="0" type="stmt"/>
      <line num="83" count="0" type="cond" truecount="0" falsecount="2"/>
      <line num="84" count="0" type="stmt"/>
      <line num="85" count="0" type="cond" truecount="0" falsecount="2"/>
      <line num="86" count="0" type="stmt"/>
      <line num="87" count="0" type="stmt"/>
      <line num="88" count="0" type="stmt"/>
      <line num="94" count="0" type="stmt"/>
      <line num="96" count="0" type="cond" truecount="0" falsecount="2"/>
      <line num="97" count="0" type="stmt"/>
      <line num="98" count="0" type="stmt"/>
      <line num="101" count="0" type="stmt"/>
      <line num="102" count="0" type="stmt"/>
      <line num="104" count="0" type="cond" truecount="0" falsecount="2"/>
      <line num="105" count="0" type="stmt"/>
      <line num="106" count="0" type="stmt"/>
      <line num="108" count="0" type="stmt"/>
      <line num="113" count="0" type="stmt"/>
      <line num="121" count="0" type="cond" truecount="0" falsecount="2"/>
      <line num="125" count="0" type="stmt"/>
      <line num="126" count="0" type="stmt"/>
      <line num="128" count="0" type="stmt"/>
      <line num="129" count="0" type="cond" truecount="0" falsecount="2"/>
      <line num="130" count="0" type="stmt"/>
    </file>
  </project>
</coverage>
