{"D:\\Users\\Redmi\\Desktop\\Credit-Card-Validator\\src\\js\\CardDetector.js": {"path":"D:\\Users\\Redmi\\Desktop\\Credit-Card-Validator\\src\\js\\CardDetector.js","statementMap":{"0":{"start":{"line":3,"column":20},"end":{"line":10,"column":3}},"1":{"start":{"line":13,"column":4},"end":{"line":13,"column":67}},"2":{"start":{"line":13,"column":55},"end":{"line":13,"column":67}},"3":{"start":{"line":14,"column":20},"end":{"line":14,"column":67}},"4":{"start":{"line":16,"column":4},"end":{"line":20,"column":5}},"5":{"start":{"line":17,"column":6},"end":{"line":19,"column":7}},"6":{"start":{"line":18,"column":8},"end":{"line":18,"column":24}},"7":{"start":{"line":21,"column":4},"end":{"line":21,"column":16}},"8":{"start":{"line":25,"column":4},"end":{"line":25,"column":31}},"9":{"start":{"line":25,"column":19},"end":{"line":25,"column":31}},"10":{"start":{"line":28,"column":20},"end":{"line":28,"column":89}},"11":{"start":{"line":29,"column":4},"end":{"line":29,"column":30}},"12":{"start":{"line":29,"column":18},"end":{"line":29,"column":30}},"13":{"start":{"line":32,"column":4},"end":{"line":34,"column":5}},"14":{"start":{"line":33,"column":6},"end":{"line":33,"column":31}},"15":{"start":{"line":36,"column":4},"end":{"line":36,"column":34}}},"fnMap":{"0":{"name":"(anonymous_0)","decl":{"start":{"line":12,"column":2},"end":{"line":12,"column":3}},"loc":{"start":{"line":12,"column":28},"end":{"line":22,"column":3}},"line":12},"1":{"name":"(anonymous_1)","decl":{"start":{"line":24,"column":2},"end":{"line":24,"column":3}},"loc":{"start":{"line":24,"column":36},"end":{"line":37,"column":3}},"line":24}},"branchMap":{"0":{"loc":{"start":{"line":13,"column":4},"end":{"line":13,"column":67}},"type":"if","locations":[{"start":{"line":13,"column":4},"end":{"line":13,"column":67}},{"start":{},"end":{}}],"line":13},"1":{"loc":{"start":{"line":13,"column":8},"end":{"line":13,"column":53}},"type":"binary-expr","locations":[{"start":{"line":13,"column":8},"end":{"line":13,"column":19}},{"start":{"line":13,"column":23},"end":{"line":13,"column":53}}],"line":13},"2":{"loc":{"start":{"line":17,"column":6},"end":{"line":19,"column":7}},"type":"if","locations":[{"start":{"line":17,"column":6},"end":{"line":19,"column":7}},{"start":{},"end":{}}],"line":17},"3":{"loc":{"start":{"line":25,"column":4},"end":{"line":25,"column":31}},"type":"if","locations":[{"start":{"line":25,"column":4},"end":{"line":25,"column":31}},{"start":{},"end":{}}],"line":25},"4":{"loc":{"start":{"line":29,"column":4},"end":{"line":29,"column":30}},"type":"if","locations":[{"start":{"line":29,"column":4},"end":{"line":29,"column":30}},{"start":{},"end":{}}],"line":29},"5":{"loc":{"start":{"line":32,"column":4},"end":{"line":34,"column":5}},"type":"if","locations":[{"start":{"line":32,"column":4},"end":{"line":34,"column":5}},{"start":{},"end":{}}],"line":32}},"s":{"0":1,"1":11,"2":2,"3":9,"4":9,"5":29,"6":8,"7":1,"8":10,"9":2,"10":8,"11":8,"12":1,"13":7,"14":6,"15":1},"f":{"0":11,"1":10},"b":{"0":[2,9],"1":[11,9],"2":[8,21],"3":[2,8],"4":[1,7],"5":[6,1]},"_coverageSchema":"1a1c01bbd47fc00a2c39e90264f33305004495a9","hash":"25a3f96a4fae3967c92f10b71e5f7d855d4261ad"}
,"D:\\Users\\Redmi\\Desktop\\Credit-Card-Validator\\src\\js\\CardValidator.js": {"path":"D:\\Users\\Redmi\\Desktop\\Credit-Card-Validator\\src\\js\\CardValidator.js","statementMap":{"0":{"start":{"line":3,"column":19},"end":{"line":3,"column":70}},"1":{"start":{"line":5,"column":4},"end":{"line":5,"column":42}},"2":{"start":{"line":5,"column":29},"end":{"line":5,"column":42}},"3":{"start":{"line":7,"column":14},"end":{"line":7,"column":15}},"4":{"start":{"line":8,"column":17},"end":{"line":8,"column":22}},"5":{"start":{"line":10,"column":4},"end":{"line":22,"column":5}},"6":{"start":{"line":10,"column":17},"end":{"line":10,"column":34}},"7":{"start":{"line":11,"column":18},"end":{"line":11,"column":27}},"8":{"start":{"line":13,"column":6},"end":{"line":18,"column":7}},"9":{"start":{"line":14,"column":8},"end":{"line":14,"column":19}},"10":{"start":{"line":15,"column":8},"end":{"line":17,"column":9}},"11":{"start":{"line":16,"column":10},"end":{"line":16,"column":21}},"12":{"start":{"line":20,"column":6},"end":{"line":20,"column":19}},"13":{"start":{"line":21,"column":6},"end":{"line":21,"column":23}},"14":{"start":{"line":24,"column":4},"end":{"line":24,"column":26}},"15":{"start":{"line":28,"column":20},"end":{"line":28,"column":49}},"16":{"start":{"line":29,"column":4},"end":{"line":29,"column":45}},"17":{"start":{"line":29,"column":32},"end":{"line":29,"column":45}},"18":{"start":{"line":30,"column":4},"end":{"line":30,"column":65}},"19":{"start":{"line":30,"column":52},"end":{"line":30,"column":65}},"20":{"start":{"line":32,"column":4},"end":{"line":32,"column":35}}},"fnMap":{"0":{"name":"(anonymous_0)","decl":{"start":{"line":2,"column":2},"end":{"line":2,"column":3}},"loc":{"start":{"line":2,"column":31},"end":{"line":25,"column":3}},"line":2},"1":{"name":"(anonymous_1)","decl":{"start":{"line":27,"column":2},"end":{"line":27,"column":3}},"loc":{"start":{"line":27,"column":29},"end":{"line":33,"column":3}},"line":27}},"branchMap":{"0":{"loc":{"start":{"line":5,"column":4},"end":{"line":5,"column":42}},"type":"if","locations":[{"start":{"line":5,"column":4},"end":{"line":5,"column":42}},{"start":{},"end":{}}],"line":5},"1":{"loc":{"start":{"line":13,"column":6},"end":{"line":18,"column":7}},"type":"if","locations":[{"start":{"line":13,"column":6},"end":{"line":18,"column":7}},{"start":{},"end":{}}],"line":13},"2":{"loc":{"start":{"line":15,"column":8},"end":{"line":17,"column":9}},"type":"if","locations":[{"start":{"line":15,"column":8},"end":{"line":17,"column":9}},{"start":{},"end":{}}],"line":15},"3":{"loc":{"start":{"line":29,"column":4},"end":{"line":29,"column":45}},"type":"if","locations":[{"start":{"line":29,"column":4},"end":{"line":29,"column":45}},{"start":{},"end":{}}],"line":29},"4":{"loc":{"start":{"line":30,"column":4},"end":{"line":30,"column":65}},"type":"if","locations":[{"start":{"line":30,"column":4},"end":{"line":30,"column":65}},{"start":{},"end":{}}],"line":30},"5":{"loc":{"start":{"line":30,"column":8},"end":{"line":30,"column":50}},"type":"binary-expr","locations":[{"start":{"line":30,"column":8},"end":{"line":30,"column":27}},{"start":{"line":30,"column":31},"end":{"line":30,"column":50}}],"line":30}},"s":{"0":8,"1":8,"2":1,"3":7,"4":7,"5":7,"6":7,"7":112,"8":112,"9":56,"10":56,"11":16,"12":112,"13":112,"14":7,"15":5,"16":5,"17":1,"18":4,"19":2,"20":2},"f":{"0":8,"1":5},"b":{"0":[1,7],"1":[56,56],"2":[16,40],"3":[1,4],"4":[2,2],"5":[4,3]},"_coverageSchema":"1a1c01bbd47fc00a2c39e90264f33305004495a9","hash":"4343577b397279f0f91729934f02032460da9172"}
,"D:\\Users\\Redmi\\Desktop\\Credit-Card-Validator\\src\\js\\UI.js": {"path":"D:\\Users\\Redmi\\Desktop\\Credit-Card-Validator\\src\\js\\UI.js","statementMap":{"0":{"start":{"line":4,"column":4},"end":{"line":4,"column":31}},"1":{"start":{"line":5,"column":4},"end":{"line":5,"column":29}},"2":{"start":{"line":6,"column":4},"end":{"line":6,"column":22}},"3":{"start":{"line":7,"column":4},"end":{"line":7,"column":28}},"4":{"start":{"line":8,"column":4},"end":{"line":8,"column":26}},"5":{"start":{"line":12,"column":4},"end":{"line":12,"column":56}},"6":{"start":{"line":13,"column":4},"end":{"line":13,"column":63}},"7":{"start":{"line":14,"column":4},"end":{"line":14,"column":55}},"8":{"start":{"line":16,"column":4},"end":{"line":16,"column":26}},"9":{"start":{"line":17,"column":4},"end":{"line":17,"column":24}},"10":{"start":{"line":21,"column":22},"end":{"line":21,"column":86}},"11":{"start":{"line":23,"column":4},"end":{"line":53,"column":7}},"12":{"start":{"line":24,"column":24},"end":{"line":24,"column":63}},"13":{"start":{"line":25,"column":6},"end":{"line":52,"column":7}},"14":{"start":{"line":27,"column":8},"end":{"line":27,"column":33}},"15":{"start":{"line":30,"column":20},"end":{"line":30,"column":49}},"16":{"start":{"line":31,"column":8},"end":{"line":31,"column":36}},"17":{"start":{"line":32,"column":8},"end":{"line":32,"column":37}},"18":{"start":{"line":33,"column":8},"end":{"line":33,"column":33}},"19":{"start":{"line":34,"column":8},"end":{"line":34,"column":34}},"20":{"start":{"line":35,"column":8},"end":{"line":35,"column":40}},"21":{"start":{"line":38,"column":24},"end":{"line":38,"column":60}},"22":{"start":{"line":39,"column":8},"end":{"line":39,"column":26}},"23":{"start":{"line":42,"column":8},"end":{"line":49,"column":10}},"24":{"start":{"line":43,"column":10},"end":{"line":43,"column":53}},"25":{"start":{"line":44,"column":10},"end":{"line":44,"column":44}},"26":{"start":{"line":45,"column":10},"end":{"line":45,"column":46}},"27":{"start":{"line":46,"column":10},"end":{"line":46,"column":43}},"28":{"start":{"line":47,"column":10},"end":{"line":47,"column":48}},"29":{"start":{"line":48,"column":10},"end":{"line":48,"column":52}},"30":{"start":{"line":51,"column":8},"end":{"line":51,"column":35}},"31":{"start":{"line":57,"column":4},"end":{"line":59,"column":7}},"32":{"start":{"line":58,"column":6},"end":{"line":58,"column":22}},"33":{"start":{"line":61,"column":4},"end":{"line":63,"column":7}},"34":{"start":{"line":62,"column":6},"end":{"line":62,"column":31}},"35":{"start":{"line":65,"column":4},"end":{"line":69,"column":7}},"36":{"start":{"line":66,"column":6},"end":{"line":68,"column":7}},"37":{"start":{"line":67,"column":8},"end":{"line":67,"column":24}},"38":{"start":{"line":73,"column":23},"end":{"line":73,"column":39}},"39":{"start":{"line":74,"column":21},"end":{"line":74,"column":53}},"40":{"start":{"line":76,"column":23},"end":{"line":76,"column":72}},"41":{"start":{"line":77,"column":4},"end":{"line":81,"column":7}},"42":{"start":{"line":78,"column":6},"end":{"line":78,"column":43}},"43":{"start":{"line":79,"column":6},"end":{"line":79,"column":38}},"44":{"start":{"line":80,"column":6},"end":{"line":80,"column":49}},"45":{"start":{"line":83,"column":4},"end":{"line":90,"column":5}},"46":{"start":{"line":84,"column":30},"end":{"line":84,"column":73}},"47":{"start":{"line":85,"column":6},"end":{"line":89,"column":7}},"48":{"start":{"line":86,"column":8},"end":{"line":86,"column":48}},"49":{"start":{"line":87,"column":8},"end":{"line":87,"column":44}},"50":{"start":{"line":88,"column":8},"end":{"line":88,"column":55}},"51":{"start":{"line":94,"column":23},"end":{"line":94,"column":39}},"52":{"start":{"line":96,"column":4},"end":{"line":99,"column":5}},"53":{"start":{"line":97,"column":6},"end":{"line":97,"column":66}},"54":{"start":{"line":98,"column":6},"end":{"line":98,"column":13}},"55":{"start":{"line":101,"column":20},"end":{"line":101,"column":54}},"56":{"start":{"line":102,"column":21},"end":{"line":102,"column":53}},"57":{"start":{"line":104,"column":4},"end":{"line":109,"column":5}},"58":{"start":{"line":105,"column":23},"end":{"line":105,"column":53}},"59":{"start":{"line":106,"column":6},"end":{"line":106,"column":71}},"60":{"start":{"line":108,"column":6},"end":{"line":108,"column":57}},"61":{"start":{"line":113,"column":18},"end":{"line":120,"column":5}},"62":{"start":{"line":121,"column":4},"end":{"line":121,"column":31}},"63":{"start":{"line":125,"column":4},"end":{"line":125,"column":41}},"64":{"start":{"line":126,"column":4},"end":{"line":126,"column":48}},"65":{"start":{"line":128,"column":4},"end":{"line":132,"column":13}},"66":{"start":{"line":129,"column":6},"end":{"line":131,"column":7}},"67":{"start":{"line":130,"column":8},"end":{"line":130,"column":44}}},"fnMap":{"0":{"name":"(anonymous_0)","decl":{"start":{"line":3,"column":2},"end":{"line":3,"column":3}},"loc":{"start":{"line":3,"column":35},"end":{"line":9,"column":3}},"line":3},"1":{"name":"(anonymous_1)","decl":{"start":{"line":11,"column":2},"end":{"line":11,"column":3}},"loc":{"start":{"line":11,"column":9},"end":{"line":18,"column":3}},"line":11},"2":{"name":"(anonymous_2)","decl":{"start":{"line":20,"column":2},"end":{"line":20,"column":3}},"loc":{"start":{"line":20,"column":19},"end":{"line":54,"column":3}},"line":20},"3":{"name":"(anonymous_3)","decl":{"start":{"line":23,"column":22},"end":{"line":23,"column":23}},"loc":{"start":{"line":23,"column":30},"end":{"line":53,"column":5}},"line":23},"4":{"name":"(anonymous_4)","decl":{"start":{"line":42,"column":22},"end":{"line":42,"column":23}},"loc":{"start":{"line":42,"column":28},"end":{"line":49,"column":9}},"line":42},"5":{"name":"(anonymous_5)","decl":{"start":{"line":56,"column":2},"end":{"line":56,"column":3}},"loc":{"start":{"line":56,"column":17},"end":{"line":70,"column":3}},"line":56},"6":{"name":"(anonymous_6)","decl":{"start":{"line":57,"column":47},"end":{"line":57,"column":48}},"loc":{"start":{"line":57,"column":53},"end":{"line":59,"column":5}},"line":57},"7":{"name":"(anonymous_7)","decl":{"start":{"line":61,"column":41},"end":{"line":61,"column":42}},"loc":{"start":{"line":61,"column":47},"end":{"line":63,"column":5}},"line":61},"8":{"name":"(anonymous_8)","decl":{"start":{"line":65,"column":44},"end":{"line":65,"column":45}},"loc":{"start":{"line":65,"column":51},"end":{"line":69,"column":5}},"line":65},"9":{"name":"(anonymous_9)","decl":{"start":{"line":72,"column":2},"end":{"line":72,"column":3}},"loc":{"start":{"line":72,"column":22},"end":{"line":91,"column":3}},"line":72},"10":{"name":"(anonymous_10)","decl":{"start":{"line":77,"column":23},"end":{"line":77,"column":24}},"loc":{"start":{"line":77,"column":36},"end":{"line":81,"column":5}},"line":77},"11":{"name":"(anonymous_11)","decl":{"start":{"line":93,"column":2},"end":{"line":93,"column":3}},"loc":{"start":{"line":93,"column":13},"end":{"line":110,"column":3}},"line":93},"12":{"name":"(anonymous_12)","decl":{"start":{"line":112,"column":2},"end":{"line":112,"column":3}},"loc":{"start":{"line":112,"column":24},"end":{"line":122,"column":3}},"line":112},"13":{"name":"(anonymous_13)","decl":{"start":{"line":124,"column":2},"end":{"line":124,"column":3}},"loc":{"start":{"line":124,"column":28},"end":{"line":133,"column":3}},"line":124},"14":{"name":"(anonymous_14)","decl":{"start":{"line":128,"column":15},"end":{"line":128,"column":16}},"loc":{"start":{"line":128,"column":21},"end":{"line":132,"column":5}},"line":128}},"branchMap":{"0":{"loc":{"start":{"line":25,"column":6},"end":{"line":52,"column":7}},"type":"if","locations":[{"start":{"line":25,"column":6},"end":{"line":52,"column":7}},{"start":{},"end":{}}],"line":25},"1":{"loc":{"start":{"line":66,"column":6},"end":{"line":68,"column":7}},"type":"if","locations":[{"start":{"line":66,"column":6},"end":{"line":68,"column":7}},{"start":{},"end":{}}],"line":66},"2":{"loc":{"start":{"line":83,"column":4},"end":{"line":90,"column":5}},"type":"if","locations":[{"start":{"line":83,"column":4},"end":{"line":90,"column":5}},{"start":{},"end":{}}],"line":83},"3":{"loc":{"start":{"line":85,"column":6},"end":{"line":89,"column":7}},"type":"if","locations":[{"start":{"line":85,"column":6},"end":{"line":89,"column":7}},{"start":{},"end":{}}],"line":85},"4":{"loc":{"start":{"line":96,"column":4},"end":{"line":99,"column":5}},"type":"if","locations":[{"start":{"line":96,"column":4},"end":{"line":99,"column":5}},{"start":{},"end":{}}],"line":96},"5":{"loc":{"start":{"line":104,"column":4},"end":{"line":109,"column":5}},"type":"if","locations":[{"start":{"line":104,"column":4},"end":{"line":109,"column":5}},{"start":{"line":107,"column":11},"end":{"line":109,"column":5}}],"line":104},"6":{"loc":{"start":{"line":121,"column":11},"end":{"line":121,"column":30}},"type":"binary-expr","locations":[{"start":{"line":121,"column":11},"end":{"line":121,"column":22}},{"start":{"line":121,"column":26},"end":{"line":121,"column":30}}],"line":121},"7":{"loc":{"start":{"line":129,"column":6},"end":{"line":131,"column":7}},"type":"if","locations":[{"start":{"line":129,"column":6},"end":{"line":131,"column":7}},{"start":{},"end":{}}],"line":129}},"s":{"0":0,"1":0,"2":0,"3":0,"4":0,"5":0,"6":0,"7":0,"8":0,"9":0,"10":0,"11":0,"12":0,"13":0,"14":0,"15":0,"16":0,"17":0,"18":0,"19":0,"20":0,"21":0,"22":0,"23":0,"24":0,"25":0,"26":0,"27":0,"28":0,"29":0,"30":0,"31":0,"32":0,"33":0,"34":0,"35":0,"36":0,"37":0,"38":0,"39":0,"40":0,"41":0,"42":0,"43":0,"44":0,"45":0,"46":0,"47":0,"48":0,"49":0,"50":0,"51":0,"52":0,"53":0,"54":0,"55":0,"56":0,"57":0,"58":0,"59":0,"60":0,"61":0,"62":0,"63":0,"64":0,"65":0,"66":0,"67":0},"f":{"0":0,"1":0,"2":0,"3":0,"4":0,"5":0,"6":0,"7":0,"8":0,"9":0,"10":0,"11":0,"12":0,"13":0,"14":0},"b":{"0":[0,0],"1":[0,0],"2":[0,0],"3":[0,0],"4":[0,0],"5":[0,0],"6":[0,0],"7":[0,0]}}
}
