TN:
SF:src\js\CardDetector.js
FN:29,(anonymous_0)
FN:41,(anonymous_1)
FNF:2
FNH:2
FNDA:11,(anonymous_0)
FNDA:9,(anonymous_1)
DA:11,1
DA:20,1
DA:30,11
DA:31,9
DA:33,9
DA:34,29
DA:35,8
DA:38,1
DA:42,9
DA:43,7
DA:44,7
DA:46,6
LF:12
LH:12
BRDA:30,0,0,2
BRDA:30,0,1,9
BRDA:30,1,0,11
BRDA:30,1,1,9
BRDA:34,2,0,8
BRDA:34,2,1,21
BRDA:42,3,0,2
BRDA:42,3,1,7
BRDA:44,4,0,1
BRDA:44,4,1,6
BRF:10
BRH:10
end_of_record
TN:
SF:src\js\CardValidator.js
FN:2,(anonymous_0)
FN:27,(anonymous_1)
FNF:2
FNH:2
FNDA:8,(anonymous_0)
FNDA:5,(anonymous_1)
DA:3,8
DA:5,8
DA:7,7
DA:8,7
DA:10,7
DA:11,112
DA:13,112
DA:14,56
DA:15,56
DA:16,16
DA:20,112
DA:21,112
DA:24,7
DA:28,5
DA:29,5
DA:30,4
DA:32,2
LF:17
LH:17
BRDA:5,0,0,1
BRDA:5,0,1,7
BRDA:13,1,0,56
BRDA:13,1,1,56
BRDA:15,2,0,16
BRDA:15,2,1,40
BRDA:29,3,0,1
BRDA:29,3,1,4
BRDA:30,4,0,2
BRDA:30,4,1,2
BRDA:30,5,0,4
BRDA:30,5,1,3
BRF:12
BRH:12
end_of_record
TN:
SF:src\js\UI.js
FN:3,(anonymous_0)
FN:11,(anonymous_1)
FN:20,(anonymous_2)
FN:23,(anonymous_3)
FN:34,(anonymous_4)
FN:35,(anonymous_5)
FN:39,(anonymous_6)
FN:43,(anonymous_7)
FN:50,(anonymous_8)
FN:55,(anonymous_9)
FN:71,(anonymous_10)
FN:90,(anonymous_11)
FN:102,(anonymous_12)
FN:106,(anonymous_13)
FNF:14
FNH:0
FNDA:0,(anonymous_0)
FNDA:0,(anonymous_1)
FNDA:0,(anonymous_2)
FNDA:0,(anonymous_3)
FNDA:0,(anonymous_4)
FNDA:0,(anonymous_5)
FNDA:0,(anonymous_6)
FNDA:0,(anonymous_7)
FNDA:0,(anonymous_8)
FNDA:0,(anonymous_9)
FNDA:0,(anonymous_10)
FNDA:0,(anonymous_11)
FNDA:0,(anonymous_12)
FNDA:0,(anonymous_13)
DA:4,0
DA:5,0
DA:6,0
DA:7,0
DA:8,0
DA:12,0
DA:13,0
DA:14,0
DA:16,0
DA:17,0
DA:21,0
DA:23,0
DA:24,0
DA:25,0
DA:26,0
DA:27,0
DA:28,0
DA:35,0
DA:36,0
DA:39,0
DA:40,0
DA:43,0
DA:44,0
DA:45,0
DA:51,0
DA:52,0
DA:54,0
DA:55,0
DA:56,0
DA:57,0
DA:58,0
DA:61,0
DA:62,0
DA:63,0
DA:64,0
DA:65,0
DA:66,0
DA:72,0
DA:74,0
DA:75,0
DA:76,0
DA:79,0
DA:80,0
DA:82,0
DA:83,0
DA:84,0
DA:86,0
DA:91,0
DA:99,0
DA:103,0
DA:104,0
DA:106,0
DA:107,0
DA:108,0
LF:54
LH:0
BRDA:25,0,0,0
BRDA:25,0,1,0
BRDA:27,1,0,0
BRDA:27,1,1,0
BRDA:44,2,0,0
BRDA:44,2,1,0
BRDA:61,3,0,0
BRDA:61,3,1,0
BRDA:63,4,0,0
BRDA:63,4,1,0
BRDA:74,5,0,0
BRDA:74,5,1,0
BRDA:82,6,0,0
BRDA:82,6,1,0
BRDA:99,7,0,0
BRDA:99,7,1,0
BRDA:107,8,0,0
BRDA:107,8,1,0
BRF:18
BRH:0
end_of_record
