TN:
SF:src\js\CardDetector.js
FN:12,(anonymous_0)
FN:24,(anonymous_1)
FNF:2
FNH:2
FNDA:11,(anonymous_0)
FNDA:10,(anonymous_1)
DA:3,1
DA:13,11
DA:14,9
DA:16,9
DA:17,29
DA:18,8
DA:21,1
DA:25,10
DA:28,8
DA:29,8
DA:32,7
DA:33,6
DA:36,1
LF:13
LH:13
BRDA:13,0,0,2
BRDA:13,0,1,9
BRDA:13,1,0,11
BRDA:13,1,1,9
BRDA:17,2,0,8
BRDA:17,2,1,21
BRDA:25,3,0,2
BRDA:25,3,1,8
BRDA:29,4,0,1
BRDA:29,4,1,7
BRDA:32,5,0,6
BRDA:32,5,1,1
BRF:12
BRH:12
end_of_record
TN:
SF:src\js\CardValidator.js
FN:2,(anonymous_0)
FN:27,(anonymous_1)
FNF:2
FNH:2
FNDA:8,(anonymous_0)
FNDA:5,(anonymous_1)
DA:3,8
DA:5,8
DA:7,7
DA:8,7
DA:10,7
DA:11,112
DA:13,112
DA:14,56
DA:15,56
DA:16,16
DA:20,112
DA:21,112
DA:24,7
DA:28,5
DA:29,5
DA:30,4
DA:32,2
LF:17
LH:17
BRDA:5,0,0,1
BRDA:5,0,1,7
BRDA:13,1,0,56
BRDA:13,1,1,56
BRDA:15,2,0,16
BRDA:15,2,1,40
BRDA:29,3,0,1
BRDA:29,3,1,4
BRDA:30,4,0,2
BRDA:30,4,1,2
BRDA:30,5,0,4
BRDA:30,5,1,3
BRF:12
BRH:12
end_of_record
TN:
SF:src\js\UI.js
FN:3,(anonymous_0)
FN:11,(anonymous_1)
FN:20,(anonymous_2)
FN:23,(anonymous_3)
FN:42,(anonymous_4)
FN:56,(anonymous_5)
FN:57,(anonymous_6)
FN:61,(anonymous_7)
FN:65,(anonymous_8)
FN:72,(anonymous_9)
FN:77,(anonymous_10)
FN:93,(anonymous_11)
FN:112,(anonymous_12)
FN:124,(anonymous_13)
FN:128,(anonymous_14)
FNF:15
FNH:0
FNDA:0,(anonymous_0)
FNDA:0,(anonymous_1)
FNDA:0,(anonymous_2)
FNDA:0,(anonymous_3)
FNDA:0,(anonymous_4)
FNDA:0,(anonymous_5)
FNDA:0,(anonymous_6)
FNDA:0,(anonymous_7)
FNDA:0,(anonymous_8)
FNDA:0,(anonymous_9)
FNDA:0,(anonymous_10)
FNDA:0,(anonymous_11)
FNDA:0,(anonymous_12)
FNDA:0,(anonymous_13)
FNDA:0,(anonymous_14)
DA:4,0
DA:5,0
DA:6,0
DA:7,0
DA:8,0
DA:12,0
DA:13,0
DA:14,0
DA:16,0
DA:17,0
DA:21,0
DA:23,0
DA:24,0
DA:25,0
DA:27,0
DA:30,0
DA:31,0
DA:32,0
DA:33,0
DA:34,0
DA:35,0
DA:38,0
DA:39,0
DA:42,0
DA:43,0
DA:44,0
DA:45,0
DA:46,0
DA:47,0
DA:48,0
DA:51,0
DA:57,0
DA:58,0
DA:61,0
DA:62,0
DA:65,0
DA:66,0
DA:67,0
DA:73,0
DA:74,0
DA:76,0
DA:77,0
DA:78,0
DA:79,0
DA:80,0
DA:83,0
DA:84,0
DA:85,0
DA:86,0
DA:87,0
DA:88,0
DA:94,0
DA:96,0
DA:97,0
DA:98,0
DA:101,0
DA:102,0
DA:104,0
DA:105,0
DA:106,0
DA:108,0
DA:113,0
DA:121,0
DA:125,0
DA:126,0
DA:128,0
DA:129,0
DA:130,0
LF:68
LH:0
BRDA:25,0,0,0
BRDA:25,0,1,0
BRDA:66,1,0,0
BRDA:66,1,1,0
BRDA:83,2,0,0
BRDA:83,2,1,0
BRDA:85,3,0,0
BRDA:85,3,1,0
BRDA:96,4,0,0
BRDA:96,4,1,0
BRDA:104,5,0,0
BRDA:104,5,1,0
BRDA:121,6,0,0
BRDA:121,6,1,0
BRDA:129,7,0,0
BRDA:129,7,1,0
BRF:16
BRH:0
end_of_record
